<?xml version="1.0" encoding="UTF-8"?>
<testng-results ignored="3" total="4" passed="0" failed="1" skipped="0">
  <reporter-output>
    <line>
      <![CDATA[Validating ---> actual: Insurance designed with you in mind*** Expected: Insurance designed with you in mind<br>]]>
    </line>
    <line>
      <![CDATA[[[ChromeDriver: chrome on WINDOWS (96ce61cef55c82acdca656fdfcbe9cd8)] -> xpath: //button[contains(text(),'Start a New Quote')]] ----> has been clicked<br>]]>
    </line>
    <line>
      <![CDATA[54115 --> This value has been passed into -->[[ChromeDriver: chrome on WINDOWS (96ce61cef55c82acdca656fdfcbe9cd8)] -> xpath: //input[@id='uid_60']]<br>]]>
    </line>
    <line>
      <![CDATA[[[ChromeDriver: chrome on WINDOWS (96ce61cef55c82acdca656fdfcbe9cd8)] -> xpath: //div[@value='Car']] ----> has been clicked<br>]]>
    </line>
    <line>
      <![CDATA[[[ChromeDriver: chrome on WINDOWS (96ce61cef55c82acdca656fdfcbe9cd8)] -> class name: LoadingButton__content] ----> has been clicked<br>]]>
    </line>
    <line>
      <![CDATA[***Screenshot has been captured successfully***<br>]]>
    </line>
  </reporter-output>
  <suite started-at="2023-02-28T23:43:16 GMT-05:00" name="Suite" finished-at="2023-02-28T23:43:21 GMT-05:00" duration-ms="5029">
    <groups>
      <group name="auto">
        <method signature="AutoQuote.autoTest1()[pri:2, instance:test.auto.AutoQuote@1a6d8329]" name="autoTest1" class="test.auto.AutoQuote"/>
      </group> <!-- auto -->
    </groups>
    <test started-at="2023-02-28T23:43:16 GMT-05:00" name="Test" finished-at="2023-02-28T23:43:21 GMT-05:00" duration-ms="5029">
      <class name="test.auto.AutoQuote">
        <test-method is-config="true" signature="initExtenReport()[pri:0, instance:test.auto.AutoQuote@1a6d8329]" started-at="2023-02-28T23:43:16 GMT-05:00" name="initExtenReport" finished-at="2023-02-28T23:43:16 GMT-05:00" duration-ms="141" status="PASS">
          <reporter-output>
          </reporter-output>
        </test-method> <!-- initExtenReport -->
        <test-method is-config="true" signature="startExtentReport(java.lang.reflect.Method)[pri:0, instance:test.auto.AutoQuote@1a6d8329]" started-at="2023-02-28T23:43:16 GMT-05:00" name="startExtentReport" finished-at="2023-02-28T23:43:16 GMT-05:00" duration-ms="5" status="PASS">
          <params>
            <param index="0">
              <value>
                <![CDATA[public void test.auto.AutoQuote.autoTest1()]]>
              </value>
            </param>
          </params>
          <reporter-output>
          </reporter-output>
        </test-method> <!-- startExtentReport -->
        <test-method is-config="true" signature="setUpBrowser(java.lang.String)[pri:0, instance:test.auto.AutoQuote@1a6d8329]" started-at="2023-02-28T23:43:16 GMT-05:00" name="setUpBrowser" finished-at="2023-02-28T23:43:19 GMT-05:00" duration-ms="3458" status="PASS">
          <params>
            <param index="0">
              <value>
                <![CDATA[chrome]]>
              </value>
            </param>
          </params>
          <reporter-output>
          </reporter-output>
        </test-method> <!-- setUpBrowser -->
        <test-method signature="autoTest1()[pri:2, instance:test.auto.AutoQuote@1a6d8329]" started-at="2023-02-28T23:43:19 GMT-05:00" name="autoTest1" finished-at="2023-02-28T23:43:20 GMT-05:00" duration-ms="712" status="FAIL">
          <exception class="java.lang.AssertionError">
            <message>
              <![CDATA[null]]>
            </message>
            <full-stacktrace>
              <![CDATA[java.lang.AssertionError: null
at org.testng.Assert.fail(Assert.java:110)
at org.testng.Assert.fail(Assert.java:115)
at test.auto.AutoQuote.autoTest1(AutoQuote.java:30)
at java.base/jdk.internal.reflect.DirectMethodHandleAccessor.invoke(DirectMethodHandleAccessor.java:104)
at java.base/java.lang.reflect.Method.invoke(Method.java:577)
at org.testng.internal.invokers.MethodInvocationHelper.invokeMethod(MethodInvocationHelper.java:139)
at org.testng.internal.invokers.TestInvoker.invokeMethod(TestInvoker.java:677)
at org.testng.internal.invokers.TestInvoker.invokeTestMethod(TestInvoker.java:221)
at org.testng.internal.invokers.MethodRunner.runInSequence(MethodRunner.java:50)
at org.testng.internal.invokers.TestInvoker$MethodInvocationAgent.invoke(TestInvoker.java:969)
at org.testng.internal.invokers.TestInvoker.invokeTestMethods(TestInvoker.java:194)
at org.testng.internal.invokers.TestMethodWorker.invokeTestMethods(TestMethodWorker.java:148)
at org.testng.internal.invokers.TestMethodWorker.run(TestMethodWorker.java:128)
at java.base/java.util.ArrayList.forEach(ArrayList.java:1511)
at org.testng.TestRunner.privateRun(TestRunner.java:829)
at org.testng.TestRunner.run(TestRunner.java:602)
at org.testng.SuiteRunner.runTest(SuiteRunner.java:437)
at org.testng.SuiteRunner.runSequentially(SuiteRunner.java:431)
at org.testng.SuiteRunner.privateRun(SuiteRunner.java:391)
at org.testng.SuiteRunner.run(SuiteRunner.java:330)
at org.testng.SuiteRunnerWorker.runSuite(SuiteRunnerWorker.java:52)
at org.testng.SuiteRunnerWorker.run(SuiteRunnerWorker.java:95)
at org.testng.TestNG.runSuitesSequentially(TestNG.java:1256)
at org.testng.TestNG.runSuitesLocally(TestNG.java:1176)
at org.testng.TestNG.runSuites(TestNG.java:1099)
at org.testng.TestNG.run(TestNG.java:1067)
at org.testng.remote.AbstractRemoteTestNG.run(AbstractRemoteTestNG.java:115)
at org.testng.remote.RemoteTestNG.initAndRun(RemoteTestNG.java:251)
at org.testng.remote.RemoteTestNG.main(RemoteTestNG.java:77)
]]>
            </full-stacktrace>
          </exception> <!-- java.lang.AssertionError -->
          <reporter-output>
            <line>
              <![CDATA[Validating ---> actual: Insurance designed with you in mind*** Expected: Insurance designed with you in mind<br>]]>
            </line>
            <line>
              <![CDATA[[[ChromeDriver: chrome on WINDOWS (96ce61cef55c82acdca656fdfcbe9cd8)] -> xpath: //button[contains(text(),'Start a New Quote')]] ----> has been clicked<br>]]>
            </line>
            <line>
              <![CDATA[54115 --> This value has been passed into -->[[ChromeDriver: chrome on WINDOWS (96ce61cef55c82acdca656fdfcbe9cd8)] -> xpath: //input[@id='uid_60']]<br>]]>
            </line>
            <line>
              <![CDATA[[[ChromeDriver: chrome on WINDOWS (96ce61cef55c82acdca656fdfcbe9cd8)] -> xpath: //div[@value='Car']] ----> has been clicked<br>]]>
            </line>
            <line>
              <![CDATA[[[ChromeDriver: chrome on WINDOWS (96ce61cef55c82acdca656fdfcbe9cd8)] -> class name: LoadingButton__content] ----> has been clicked<br>]]>
            </line>
          </reporter-output>
        </test-method> <!-- autoTest1 -->
        <test-method is-config="true" signature="getResults(org.testng.ITestResult,java.lang.reflect.Method)[pri:0, instance:test.auto.AutoQuote@1a6d8329]" started-at="2023-02-28T23:43:20 GMT-05:00" name="getResults" finished-at="2023-02-28T23:43:20 GMT-05:00" duration-ms="431" status="PASS">
          <params>
            <param index="0">
              <value>
                <![CDATA[[TestResult name=autoTest1 status=FAILURE method=AutoQuote.autoTest1()[pri:2, instance:test.auto.AutoQuote@1a6d8329] output=Validating ---> actual: Insurance designed with you in mind*** Expected: Insurance designed with you in mind<br>]]]>
              </value>
            </param>
            <param index="1">
              <value>
                <![CDATA[public void test.auto.AutoQuote.autoTest1()]]>
              </value>
            </param>
          </params>
          <reporter-output>
            <line>
              <![CDATA[***Screenshot has been captured successfully***<br>]]>
            </line>
          </reporter-output>
        </test-method> <!-- getResults -->
        <test-method is-config="true" signature="tearUp()[pri:0, instance:test.auto.AutoQuote@1a6d8329]" started-at="2023-02-28T23:43:20 GMT-05:00" name="tearUp" finished-at="2023-02-28T23:43:21 GMT-05:00" duration-ms="393" status="PASS">
          <reporter-output>
          </reporter-output>
        </test-method> <!-- tearUp -->
        <test-method is-config="true" signature="closeReport()[pri:0, instance:test.auto.AutoQuote@1a6d8329]" started-at="2023-02-28T23:43:21 GMT-05:00" name="closeReport" finished-at="2023-02-28T23:43:21 GMT-05:00" duration-ms="152" status="PASS">
          <reporter-output>
          </reporter-output>
        </test-method> <!-- closeReport -->
      </class> <!-- test.auto.AutoQuote -->
    </test> <!-- Test -->
  </suite> <!-- Suite -->
</testng-results>
